Translation must be present :: 脳切開は任せてくれ / brains.
Not too short :: 乾杯。
Not too short :: "暇"
Sufficient japanese characters :: アー その...
No unknown characters :: 我々は印のついていない紙幣で100万ドル要求する。 明日の午前10時に電話して
Not too short :: 次 ペピノ
Not too short :: 何っ?
Not too short :: 気をつけて
Not too short :: 理容師だ
Sufficient japanese characters :: 《いよいよか。 早く来い 孫 悟空》
Sufficient japanese characters :: 「警部補 16 -14事態が テイラーの店で進行中です」
At least two lexical words :: おはようございます、岡崎さん / good morning, okazaki.
Not too short :: 待て
Translation must be present :: 何か礼をしたいが / thank you.
No unknown characters :: 我々が考えられるのは2030年代に実現するというものです
Sufficient japanese characters :: i。 知りません。
Not too short :: 何か用が
Sufficient japanese characters :: 100万ドル欲しいと言いましたよね。 - 100万欲しいわ。
Sufficient japanese characters :: ー お前を...
At least two lexical words :: アニーとメゲンは? / where's annie and megan?
Sufficient japanese characters :: 今度は よ~く狙え。
Not too short :: そこ
Not too short :: 習慣の力さ
Sufficient japanese characters :: ねえ沙英 ...沙英?
At least two lexical words :: 弁解じゃないのよ / not that that's an excuse.
At least two lexical words :: マクスウェル・エイブラムス... / maxwell abrams?
Sufficient japanese characters :: 他の服は? - うるさい
At least two lexical words :: 頼みましたよ! / we're counting on you!
Sufficient japanese characters :: 《バイバイ》 《ママ バイバイ》
Not too short :: あの時
Translation must be present :: 助けてくれ! / help me.
Not too short :: 愛してる
Sufficient japanese characters :: 59,499 - - 00:
No unknown characters :: オーディンは新しい友を 次々に連れて来る
Sufficient japanese characters :: iRobot 社へ手紙は送られます
Not too short :: 分かってる
Translation must be present :: 分かっております / i know.
At least two lexical words :: フィンケ部長 / chief vincke.
Sufficient japanese characters :: これでいい...
Sufficient japanese characters :: ゲームの100と50日。
Sufficient japanese characters :: よし! 移動だ!
No unknown characters :: このドアの向こう側に これから戦い方を練習する− 何種類ものドラゴンがいる!
Sufficient japanese characters :: "あの わたし 戻るわね。"
At least two lexical words :: 友達のケニー・サマーフィールド / hello. e on, what are you?
Sufficient japanese characters :: ceoになるのよ
Not too short :: 本気なの?
Not too short :: いいのか
Not too short :: 美しいか?
Sufficient japanese characters :: 全て手作業で 無添加 100%の手作り
Sufficient japanese characters :: その効果は 2枚で 500ポイント。 3枚で 1500ポイント。
No unknown characters :: しかし、こういったアクセスを禁止する機関も多々あります
Not too short :: どうも
Not too short :: 銃を渡せ
At least two lexical words :: アダム・ギャロウェイよ / oh, thank you. adam galloway took the pictures.
Translation must be present :: そういったことです / right.
Translation must be present :: いいね 上出来だ / okay.good.
Sufficient japanese characters :: 「大胆さ」と「謙虚さ」です
Not too short :: 同じく
Not too short :: だろうな
Not too short :: 約束するよ
Not too short :: 一員よ
Not too short :: 釣る方
Sufficient japanese characters :: 今すぐ! - 銃を下して
Sufficient japanese characters :: うう~! なんだ?
No unknown characters :: ⦅あなたは 何のために ゲームを作ってるんですか?
Sufficient japanese characters :: onee-chan! onee-chan!
Translation must be present :: 混乱してきた・・・ / um... bye.
Translation must be present :: で 何でお前のお姉ちゃんが? / my sister.
Not too short :: 最高!
Not too short :: 墓穴よ
No unknown characters :: "「ご用の方は発信音のあとに メッセージをどうぞ」"
No unknown characters :: ロサは我々が fbiだと知らなかった
Translation must be present :: だけどお前、お前は、えっと? / but you...
At least two lexical words :: エイブラハム - 早く / abraham now.
Sufficient japanese characters :: だって まさか...
No unknown characters :: <危険は承知のうえ
Sufficient japanese characters :: ぐっ...。 島 もう少しだ!
No unknown characters :: でだ 俺の作戦は 微々たるもんだが 飛躍的拡大の
Sufficient japanese characters :: 15 万の式服が!
At least two lexical words :: マーガレット・スローンは? / margaret sloane?
Not too short :: もう大丈夫
Sufficient japanese characters :: 4年前 まさにこの TED で 私と
Not too short :: 出て行こう
At least two lexical words :: カルロスか素晴らしい / carlos. great. all right.
No unknown characters :: NPSの隊員が マル被より銃撃 被弾した➡
Sufficient japanese characters :: 「保護者、ですか」 「そう」
At least two lexical words :: ネド・スタークは死んだ / ned stark is dead.
Not too short :: 今朝のこと
Not too short :: おや
Not too short :: なぜダメ?
Translation must be present :: 女性の名前は? / good.
Not too short :: 何するのよ
Sufficient japanese characters :: 158日もあれば十分じゃろう。 うん?
Not too short :: 関係ない!
Sufficient japanese characters :: 一緒に来い...
No unknown characters :: ⦅ごめんね 6年も待たせちゃって⦆
At least two lexical words :: ナイト・フューリーとはね / that is a night fury.
At least two lexical words :: 南アフリカ隊はキャンプ3だ / the south africans were laid out at camp 3.
Not too short :: 嫌!
Translation must be present :: なんてことだ! / sassafras!
At least two lexical words :: 華和さんには / i want you to be happy
Sufficient japanese characters :: 痛い...。
Translation must be present :: 待って下さい / wait!
Sufficient japanese characters :: ハァ ハァ...。
No unknown characters :: ≪でもさ もったいないよ こんな才能があるのに➡
At least two lexical words :: だからだよ ジョン・スノウ / that's why i read so much, jon snow.
Sufficient japanese characters :: 結局の所...
Not too short :: 誰か助けて
No unknown characters :: 人々は常に勝利を愛する。
Sufficient japanese characters :: エンターキーだ...
Translation must be present :: ケンタウロス? / centaurs?
Not too short :: 出せ
Not too short :: その通り
Not too short :: 押して!
Not too short :: 行くぞ!
Translation must be present :: コーディング! / coding!
No unknown characters :: もうじき この世界のシステムは➡
Sufficient japanese characters :: 最初の名前は 「つくり 」で 次の名前は 「ばなし 」
Sufficient japanese characters :: 俺は、「お前は、どうなるか? 」と 聞いた。
Not too short :: 満足だ
Sufficient japanese characters :: 本字幕由诸神字幕组制作,仅供交流学习,禁止用于商业用途 更多中日双语字幕,请登录www.kamigami.org
At least two lexical words :: まずいな リチャード / this is a bad idea, richard.
Not too short :: そうだ。
At least two lexical words :: エライ自信ね / you sure sound confident.
Translation must be present :: 珠洲は勝つ! / blue win!
No unknown characters :: 我々は甲板に上がり
Not too short :: 着いたわ!
Translation must be present :: やめろ 喰いたいのは僕だろ / stop it!
Not too short :: 行こう!
Not too short :: よし ok
Sufficient japanese characters :: 2002年の6月
Sufficient japanese characters :: 1969年にlgbtの支持グループの人々が
Sufficient japanese characters :: 室温は 25°Cから段々と低下し始めます
Sufficient japanese characters :: ああ。 似てたんだ 君に。
At least two lexical words :: 上玉だったぜ / she was a very fine piece of merchandise.
At least two lexical words :: スローンを捕まえたのね / so we got sloan. mm.
Sufficient japanese characters :: しっかりして...
Translation must be present :: レイチェルを捕まえてくる / i will.
Sufficient japanese characters :: 私たちはそれを R&amp;D-I-Yと呼びます
Not too short :: どこだ?!
No unknown characters :: 俺たちの友達は実際の1パーセントだ 今夜我々はこの街をぶっつぶす 俺の名前は
Translation must be present :: いいかい モリー / good.
Sufficient japanese characters :: ...はい。 まあ...。
Not too short :: どこだ!
At least two lexical words :: マサチューセッツ大学の / and a professor in the university of massachusetts
Sufficient japanese characters :: はい チーズ。 フフフ。
At least two lexical words :: 15でいいですか / fifteen going twice.
Not too short :: いろいろと
No unknown characters :: もし我々との関係を 切りたいのであれば
At least two lexical words :: クッキーかと / i think that's a cookie.
Not too short :: 続けな
Not too short :: みたいだな
Not too short :: 何なんだ?
No unknown characters :: 我々を死の現実から
Translation must be present :: ピエロさん? / clown?
Sufficient japanese characters :: チンチンでiphoneに出る?
Not too short :: うん
Not too short :: 本?
Sufficient japanese characters :: や 手足も...ない
Not too short :: デーヴ!
Sufficient japanese characters :: 今度はプランBか、Cか?
Sufficient japanese characters :: しかし あの小娘の力...。
Not too short :: 私は居たの
At least two lexical words :: リンカーン、サプライズをやめて。 / no more surprises, lincoln.
Not too short :: 片足だ!
Sufficient japanese characters :: ごめんね。 お腹 大丈夫?
Not too short :: 無理だ
Translation must be present :: 人生を 取り戻したかな? / almost.
Sufficient japanese characters :: あ... いつでも
Sufficient japanese characters :: まあまあまあ...。
Sufficient japanese characters :: iphoneが欲しい
Not too short :: 苦しんでた
At least two lexical words :: アンとレクシーを頼む / listen, anne and lexie that's your job.
Translation must be present :: なんかお土産買いましょうか / get away!
Not too short :: 良かったね
Sufficient japanese characters :: 誰に? うっ...
At least two lexical words :: パリパリのヤツだ、フワフワじゃないぞ / the crunchy ones, not the puffy ones.
Not too short :: 探してるの
At least two lexical words :: お前じゃない / it's not you.
Sufficient japanese characters :: まっ 落ち着いて。➡
Not too short :: 安全になる
Not too short :: 息をして
Sufficient japanese characters :: ? - ああ 15年になる
At least two lexical words :: ベントリン20ミリグラム / 20 milligrams.
Sufficient japanese characters :: 「A」? 北沢が 最後に 書き残した?
At least two lexical words :: イグナシオは 「マジで? / ignacio' for real?
Not too short :: 誰?
Sufficient japanese characters :: うん。 綾...。
Not too short :: しばしば
Sufficient japanese characters :: それでも 見続ける...。 決して諦めずに...。
Sufficient japanese characters :: おい...。 入学前 父と約束したんです。
At least two lexical words :: またですか 中島さん / again, mr. nakajima? like clockwork.
Translation must be present :: どうしてくれるんだよ! / what?!
Sufficient japanese characters :: いいか...
At least two lexical words :: ミシェルと共に 日本へ逃れた。 / using the keys, i escaped to japan with michelle.
Sufficient japanese characters :: FBIだ !
Not too short :: 頼む!
At least two lexical words :: ただ 氷室はんも / however, isn't it because
Not too short :: 私が上よ
Not too short :: 落ち着け
Translation must be present :: そうでしょ? / animal!
At least two lexical words :: 殺鼠剤が・・・ / rat poison.
Translation must be present :: 我難道就是真麼不值得信任的人嗎 / a person?
No unknown characters :: しかも そのうちの1人は➡
At least two lexical words :: 開いた! ドグちゃん! / he chose death to prove his innocence.
Sufficient japanese characters :: B. Q とか
No unknown characters :: ただ ご安心ください。➡
Not too short :: 1つ目は
Sufficient japanese characters :: Melman?
Translation must be present :: 好热 好热 好热 / good work.
No unknown characters :: それこそが 私の日々の原動力です
Not too short :: 集団消滅
No unknown characters :: センター長は 桂木さんの左腕に 後遺症が残るって 察知して➡
At least two lexical words :: 落書きかもな / or doodles.
Not too short :: いつでも
Not too short :: 何したい?
Sufficient japanese characters :: う~ん... 普通のウイルスなら➡
Translation must be present :: フ~ッ 疲れた / im sorry.
Not too short :: そうか
Translation must be present :: 美海ちゃん ここで待ってて / it's here.
Not too short :: 溺れてた
Not too short :: 君の...
Sufficient japanese characters :: X-Prize方式で賞金を掲げて
Sufficient japanese characters :: や っと ...
Not too short :: 起きろ!
Sufficient japanese characters :: いやー 参ったよ。 昨日さ...。 話してる暇 なし。 外来。
At least two lexical words :: 大丈夫ですよ / that's all right, miss.
Sufficient japanese characters :: ホント すごいくせ毛 はあ...
Sufficient japanese characters :: 冗談はさておき...
Not too short :: 静かに
Translation must be present :: ヨーコだよ。 / yoko did.
Sufficient japanese characters :: 止める方法...
At least two lexical words :: ジョージ・・・ / george, i...
Not too short :: 作品って?
Sufficient japanese characters :: 飲みすぎだよ 完全に。 は... やっぱり 病...。
At least two lexical words :: 実はだな 毛利君。 / yeah, actually...
Not too short :: 忙しい。
Not too short :: 問題点が
Translation must be present :: 責任は お前がとってくれよな。 / are you...
At least two lexical words :: ひどくヤラレたな / that's pretty messed up.
Not too short :: 舞の太客ね
Sufficient japanese characters :: 20000発まで増加させました
Not too short :: 片付けな
Sufficient japanese characters :: あっ 工藤さん。 はい。
Not too short :: 逃げよう
Sufficient japanese characters :: あ... ちょっと 小町さん!
At least two lexical words :: そうでした。 / thats right!
No unknown characters :: ある程度 こっちの規模が 大きくなってから➡
At least two lexical words :: 對不起 對不起 / missing cat !!
No unknown characters :: <兄 信長の孤独が 少しだけ 分かったような気がしたと
Not too short :: 化けて出る
Translation must be present :: 謝るのは私だ / who did?
Translation must be present :: お疲れ様でーす / thank you.
Sufficient japanese characters :: ok 好きにしろ 兄弟
Sufficient japanese characters :: cp:はい 日曜日に
Sufficient japanese characters :: "ああ あれか"
Not too short :: だから?
Sufficient japanese characters :: あっ。 そうだ バ... バイト。 夜 行けるとこ。
At least two lexical words :: スコット君との / with agent scott.
Sufficient japanese characters :: [tel]まあ... 了解
At least two lexical words :: 行き先が ポートランドって... / you're taking us to portland.
Translation must be present :: そいつはフック(打撃)だ / azog ?
Not too short :: 俺に任せて
Not too short :: 遠いな
At least two lexical words :: ブーッ ブーッ / honk, honk.
Not too short :: 実現する。
Sufficient japanese characters :: 友と戦い...
Not too short :: 子供は?
Sufficient japanese characters :: 昨夜、FBIがピッツバーグの 隠れ家を急襲し...
No unknown characters :: 木々の間で暮らしていた。 だが、開拓民がやって来た。 そして追いやられた。
No unknown characters :: 人々の記憶が 彼らが見たと思うことを創りあげるのです
Translation must be present :: 奴等を狩るぞ / we hunt.
At least two lexical words :: お疲れさまでした。 / she didn't come back and won't answer my calls.
Translation must be present :: とすると その連合の忍が / then why?!
No unknown characters :: 我々に知らせずにいたということに
Sufficient japanese characters :: よし 次 奥の2人。
At least two lexical words :: レナが原因? / 'cause of lena?
Sufficient japanese characters :: [tel] お店の女のコ達に 聞いたんだけど
Sufficient japanese characters :: 这是什么? 总觉得像是...
Translation must be present :: 私、風邪なのに! / i'm sick!
At least two lexical words :: アディカーバー 聞こえますか? / addy carver, do you copy?
No unknown characters :: ♫「お日さまを浴びてお散歩よ 二人なら全てがうまくいくに違いないわ」♫
At least two lexical words :: 言ったじゃないか。 / what do you mean? trunkskun, you said so, didn't you?
Not too short :: 最高だね
Not too short :: なっ 何だ
